{
  "stats": {
    "suites": 1,
    "tests": 3,
    "passes": 3,
    "pending": 0,
    "failures": 0,
    "start": "2023-11-10T20:24:37.408Z",
    "end": "2023-11-10T20:25:42.323Z",
    "duration": 64915,
    "testsRegistered": 3,
    "passPercent": 100,
    "pendingPercent": 0,
    "other": 0,
    "hasOther": false,
    "skipped": 0,
    "hasSkipped": false
  },
  "results": [
    {
      "uuid": "028d2cb2-b240-4e02-87c8-cd98cad3a611",
      "title": "",
      "fullFile": "cypress/e2e/criacao-de-conta.spec.cy.js",
      "file": "cypress/e2e/criacao-de-conta.spec.cy.js",
      "beforeHooks": [],
      "afterHooks": [],
      "tests": [],
      "suites": [
        {
          "uuid": "9719e4b7-a9ef-4ae2-a737-0e5a3760baae",
          "title": "fluxo de criacao de conta",
          "fullFile": "",
          "file": "",
          "beforeHooks": [],
          "afterHooks": [],
          "tests": [
            {
              "title": "deve registrar uma conta com sucesso",
              "fullTitle": "fluxo de criacao de conta deve registrar uma conta com sucesso",
              "timedOut": null,
              "duration": 26596,
              "state": "passed",
              "speed": "slow",
              "pass": true,
              "fail": false,
              "pending": false,
              "context": null,
              "code": "registerPage.register(faker.internet.email(), faker.internet.password());\ndashboardPage.message.should('contain', 'Welcome');",
              "err": {},
              "uuid": "1f379963-f891-4762-be17-f1b3ba7a89a9",
              "parentUUID": "9719e4b7-a9ef-4ae2-a737-0e5a3760baae",
              "isHook": false,
              "skipped": false
            },
            {
              "title": "deve validar mensagem de email invalido",
              "fullTitle": "fluxo de criacao de conta deve validar mensagem de email invalido",
              "timedOut": null,
              "duration": 10240,
              "state": "passed",
              "speed": "slow",
              "pass": true,
              "fail": false,
              "pending": false,
              "context": null,
              "code": "registerPage.register(dados[0].user, faker.internet.password());\ndashboardPage.errormessage.should('contain', 'Erro: Informe um endereço de e-mail válido.');",
              "err": {},
              "uuid": "ffcac3a0-1971-494d-ae85-5224e0dfb1e0",
              "parentUUID": "9719e4b7-a9ef-4ae2-a737-0e5a3760baae",
              "isHook": false,
              "skipped": false
            },
            {
              "title": "deve validar mensagem de email ja em uso",
              "fullTitle": "fluxo de criacao de conta deve validar mensagem de email ja em uso",
              "timedOut": null,
              "duration": 26209,
              "state": "passed",
              "speed": "slow",
              "pass": true,
              "fail": false,
              "pending": false,
              "context": null,
              "code": "let user = faker.internet.email();\nlet password = faker.internet.password();\nregisterPage.register(user, password);\ndashboardPage.logout.click();\ncy.visit('/minha-conta');\nregisterPage.register(user, password);\ndashboardPage.errormessage.should('contain', 'Erro: Uma conta já está registrada com seu endereço de e-mail.');",
              "err": {},
              "uuid": "a25e1ac6-2911-464d-8d76-b5048be6a9b7",
              "parentUUID": "9719e4b7-a9ef-4ae2-a737-0e5a3760baae",
              "isHook": false,
              "skipped": false
            }
          ],
          "suites": [],
          "passes": [
            "1f379963-f891-4762-be17-f1b3ba7a89a9",
            "ffcac3a0-1971-494d-ae85-5224e0dfb1e0",
            "a25e1ac6-2911-464d-8d76-b5048be6a9b7"
          ],
          "failures": [],
          "pending": [],
          "skipped": [],
          "duration": 63045,
          "root": false,
          "rootEmpty": false,
          "_timeout": 2000
        }
      ],
      "passes": [],
      "failures": [],
      "pending": [],
      "skipped": [],
      "duration": 0,
      "root": true,
      "rootEmpty": true,
      "_timeout": 2000
    }
  ],
  "meta": {
    "mocha": {
      "version": "7.0.1"
    },
    "mochawesome": {
      "options": {
        "quiet": false,
        "reportFilename": "mochawesome",
        "saveHtml": true,
        "saveJson": true,
        "consoleReporter": "spec",
        "useInlineDiffs": false,
        "code": true
      },
      "version": "7.1.3"
    },
    "marge": {
      "options": {
        "reportDir": "cypress/results",
        "overwrite": false,
        "html": true,
        "json": true
      },
      "version": "6.2.0"
    }
  }
}