{
  "stats": {
    "suites": 1,
    "tests": 3,
    "passes": 3,
    "pending": 0,
    "failures": 0,
    "start": "2023-11-10T16:01:48.528Z",
    "end": "2023-11-10T16:02:21.997Z",
    "duration": 33469,
    "testsRegistered": 3,
    "passPercent": 100,
    "pendingPercent": 0,
    "other": 0,
    "hasOther": false,
    "skipped": 0,
    "hasSkipped": false
  },
  "results": [
    {
      "uuid": "db03bcc7-e248-49db-b5e9-9fc8229a458b",
      "title": "",
      "fullFile": "cypress/e2e/criacao-de-conta.spec.cy.js",
      "file": "cypress/e2e/criacao-de-conta.spec.cy.js",
      "beforeHooks": [],
      "afterHooks": [],
      "tests": [],
      "suites": [
        {
          "uuid": "01e68fca-9c65-4ad5-b1dd-bcb05c3ac08c",
          "title": "fluxo de criacao de conta",
          "fullFile": "",
          "file": "",
          "beforeHooks": [],
          "afterHooks": [],
          "tests": [
            {
              "title": "deve registrar uma conta com sucesso",
              "fullTitle": "fluxo de criacao de conta deve registrar uma conta com sucesso",
              "timedOut": null,
              "duration": 12614,
              "state": "passed",
              "speed": "slow",
              "pass": true,
              "fail": false,
              "pending": false,
              "context": null,
              "code": "registerPage.register(faker.internet.email(), faker.internet.password());\ndashboardPage.message.should('contain', 'Welcome');",
              "err": {},
              "uuid": "6396e5c9-9fe2-41af-934e-b10551242bee",
              "parentUUID": "01e68fca-9c65-4ad5-b1dd-bcb05c3ac08c",
              "isHook": false,
              "skipped": false
            },
            {
              "title": "deve validar mensagem de email invalido",
              "fullTitle": "fluxo de criacao de conta deve validar mensagem de email invalido",
              "timedOut": null,
              "duration": 4937,
              "state": "passed",
              "speed": "fast",
              "pass": true,
              "fail": false,
              "pending": false,
              "context": null,
              "code": "registerPage.register(dados[0].user, faker.internet.password());\ndashboardPage.errormessage.should('contain', 'Erro: Informe um endereço de e-mail válido.');",
              "err": {},
              "uuid": "a2c877be-6237-444b-bda3-545f5df93f29",
              "parentUUID": "01e68fca-9c65-4ad5-b1dd-bcb05c3ac08c",
              "isHook": false,
              "skipped": false
            },
            {
              "title": "deve validar mensagem de email ja em uso",
              "fullTitle": "fluxo de criacao de conta deve validar mensagem de email ja em uso",
              "timedOut": null,
              "duration": 15202,
              "state": "passed",
              "speed": "slow",
              "pass": true,
              "fail": false,
              "pending": false,
              "context": null,
              "code": "let user = faker.internet.email();\nlet password = faker.internet.password();\nregisterPage.register(user, password);\ndashboardPage.logout.click();\ncy.visit('/minha-conta');\nregisterPage.register(user, password);\ndashboardPage.errormessage.should('contain', 'Erro: Uma conta já está registrada com seu endereço de e-mail.');",
              "err": {},
              "uuid": "f6375c61-f124-4f58-af85-b68f26b8b142",
              "parentUUID": "01e68fca-9c65-4ad5-b1dd-bcb05c3ac08c",
              "isHook": false,
              "skipped": false
            }
          ],
          "suites": [],
          "passes": [
            "6396e5c9-9fe2-41af-934e-b10551242bee",
            "a2c877be-6237-444b-bda3-545f5df93f29",
            "f6375c61-f124-4f58-af85-b68f26b8b142"
          ],
          "failures": [],
          "pending": [],
          "skipped": [],
          "duration": 32753,
          "root": false,
          "rootEmpty": false,
          "_timeout": 2000
        }
      ],
      "passes": [],
      "failures": [],
      "pending": [],
      "skipped": [],
      "duration": 0,
      "root": true,
      "rootEmpty": true,
      "_timeout": 2000
    }
  ],
  "meta": {
    "mocha": {
      "version": "7.0.1"
    },
    "mochawesome": {
      "options": {
        "quiet": false,
        "reportFilename": "mochawesome",
        "saveHtml": false,
        "saveJson": true,
        "consoleReporter": "spec",
        "useInlineDiffs": false,
        "code": true
      },
      "version": "7.1.3"
    },
    "marge": {
      "options": {
        "reportDir": "cypress/results",
        "overwrite": false,
        "html": false,
        "json": true
      },
      "version": "6.2.0"
    }
  }
}